2023-07-05 21:06:52,618 INFO o.s.w.s.DispatcherServlet [main] Initializing Servlet 'pulse'
2023-07-05 21:06:53,728 WARN o.s.s.c.u.User [main] User.withDefaultPasswordEncoder() is considered unsafe for production and is only intended for sample applications.
2023-07-05 21:06:53,976 INFO o.s.s.w.DefaultSecurityFilterChain [main] Will secure any request with [org.springframework.security.web.session.DisableEncodeUrlFilter@452e0a94, org.springframework.security.web.context.request.async.WebAsyncManagerIntegrationFilter@2a12048d, org.springframework.security.web.context.SecurityContextPersistenceFilter@2f5a23c1, org.springframework.security.web.header.HeaderWriterFilter@33fefbbe, org.springframework.security.web.authentication.logout.LogoutFilter@2420e962, org.springframework.security.web.authentication.UsernamePasswordAuthenticationFilter@2d12a71f, org.springframework.security.web.savedrequest.RequestCacheAwareFilter@6ccf06f1, org.springframework.security.web.servletapi.SecurityContextHolderAwareRequestFilter@6aefb242, org.springframework.security.web.authentication.AnonymousAuthenticationFilter@77c66ac2, org.springframework.security.web.session.SessionManagementFilter@5d0ca8a5, org.springframework.security.web.access.ExceptionTranslationFilter@5f745970, org.springframework.security.web.access.intercept.AuthorizationFilter@7d2c9b65]
2023-07-05 21:06:54,003 INFO o.a.g.t.p.i.PulseAppListener [main] Context Initialized.. 
2023-07-05 21:06:54,004 INFO o.a.g.t.p.i.ClassPathPropertiesFileLoader [main] GemFireVersion.properties File Found 
2023-07-05 21:06:54,004 INFO o.a.g.t.p.i.PulseAppListener [main] Pulse Version: 10.0.0 root 1810
2023-07-05 21:06:54,004 INFO o.a.g.t.p.i.PulseAppListener [main] Checking whether Pulse is running in embedded mode..
2023-07-05 21:06:54,004 INFO o.a.g.t.p.i.PulseAppListener [main] Pulse is running in Embedded Mode..
2023-07-05 21:06:54,006 INFO o.s.w.s.DispatcherServlet [main] Completed initialization in 1382 ms
2023-07-05 21:13:07,183 INFO o.a.g.t.p.i.PulseAppListener [Shutdown Disconnector1] Context Destroyed.. /pulse
2023-07-05 21:13:43,406 INFO o.s.w.s.DispatcherServlet [main] Initializing Servlet 'pulse'
2023-07-05 21:13:44,529 WARN o.s.s.c.u.User [main] User.withDefaultPasswordEncoder() is considered unsafe for production and is only intended for sample applications.
2023-07-05 21:13:44,777 INFO o.s.s.w.DefaultSecurityFilterChain [main] Will secure any request with [org.springframework.security.web.session.DisableEncodeUrlFilter@372b2573, org.springframework.security.web.context.request.async.WebAsyncManagerIntegrationFilter@66fd9613, org.springframework.security.web.context.SecurityContextPersistenceFilter@34fe89a5, org.springframework.security.web.header.HeaderWriterFilter@1621264e, org.springframework.security.web.authentication.logout.LogoutFilter@5c96cbe7, org.springframework.security.web.authentication.UsernamePasswordAuthenticationFilter@201c1d99, org.springframework.security.web.savedrequest.RequestCacheAwareFilter@3705e3fb, org.springframework.security.web.servletapi.SecurityContextHolderAwareRequestFilter@cfe7be3, org.springframework.security.web.authentication.AnonymousAuthenticationFilter@5c3f9618, org.springframework.security.web.session.SessionManagementFilter@5392c0a7, org.springframework.security.web.access.ExceptionTranslationFilter@75af5f2a, org.springframework.security.web.access.intercept.AuthorizationFilter@2b39e77d]
2023-07-05 21:13:44,809 INFO o.a.g.t.p.i.PulseAppListener [main] Context Initialized.. 
2023-07-05 21:13:44,810 INFO o.a.g.t.p.i.ClassPathPropertiesFileLoader [main] GemFireVersion.properties File Found 
2023-07-05 21:13:44,810 INFO o.a.g.t.p.i.PulseAppListener [main] Pulse Version: 10.0.0 root 1810
2023-07-05 21:13:44,810 INFO o.a.g.t.p.i.PulseAppListener [main] Checking whether Pulse is running in embedded mode..
2023-07-05 21:13:44,810 INFO o.a.g.t.p.i.PulseAppListener [main] Pulse is running in Embedded Mode..
2023-07-05 21:13:44,812 INFO o.s.w.s.DispatcherServlet [main] Completed initialization in 1402 ms
2023-07-05 21:25:58,771 INFO o.a.g.t.p.i.PulseAppListener [ReconnectThread] Context Destroyed.. /pulse
2023-07-05 21:31:03,751 INFO o.s.w.s.DispatcherServlet [ReconnectThread] Initializing Servlet 'pulse'
2023-07-05 21:31:04,931 WARN o.s.s.c.u.User [ReconnectThread] User.withDefaultPasswordEncoder() is considered unsafe for production and is only intended for sample applications.
2023-07-05 21:31:05,228 INFO o.s.s.w.DefaultSecurityFilterChain [ReconnectThread] Will secure any request with [org.springframework.security.web.session.DisableEncodeUrlFilter@65903e01, org.springframework.security.web.context.request.async.WebAsyncManagerIntegrationFilter@2f030f4a, org.springframework.security.web.context.SecurityContextPersistenceFilter@5bf95f20, org.springframework.security.web.header.HeaderWriterFilter@119c9d1f, org.springframework.security.web.authentication.logout.LogoutFilter@213d5363, org.springframework.security.web.authentication.UsernamePasswordAuthenticationFilter@68781e4b, org.springframework.security.web.savedrequest.RequestCacheAwareFilter@3a32a218, org.springframework.security.web.servletapi.SecurityContextHolderAwareRequestFilter@19e74a1, org.springframework.security.web.authentication.AnonymousAuthenticationFilter@16baf5e6, org.springframework.security.web.session.SessionManagementFilter@2851f309, org.springframework.security.web.access.ExceptionTranslationFilter@69f6f9bc, org.springframework.security.web.access.intercept.AuthorizationFilter@a5e47fc]
2023-07-05 21:31:05,265 INFO o.a.g.t.p.i.PulseAppListener [ReconnectThread] Context Initialized.. 
2023-07-05 21:31:05,266 INFO o.a.g.t.p.i.ClassPathPropertiesFileLoader [ReconnectThread] GemFireVersion.properties File Found 
2023-07-05 21:31:05,266 INFO o.a.g.t.p.i.PulseAppListener [ReconnectThread] Pulse Version: 10.0.0 root 1810
2023-07-05 21:31:05,266 INFO o.a.g.t.p.i.PulseAppListener [ReconnectThread] Checking whether Pulse is running in embedded mode..
2023-07-05 21:31:05,266 INFO o.a.g.t.p.i.PulseAppListener [ReconnectThread] Pulse is running in Embedded Mode..
2023-07-05 21:31:05,268 INFO o.s.w.s.DispatcherServlet [ReconnectThread] Completed initialization in 1510 ms
2023-07-05 22:33:30,083 INFO o.a.g.t.p.i.PulseAppListener [ReconnectThread] Context Destroyed.. /pulse
2023-07-05 22:39:36,687 INFO o.s.w.s.DispatcherServlet [ReconnectThread] Initializing Servlet 'pulse'
2023-07-05 22:39:37,871 WARN o.s.s.c.u.User [ReconnectThread] User.withDefaultPasswordEncoder() is considered unsafe for production and is only intended for sample applications.
2023-07-05 22:39:38,050 INFO o.s.s.w.DefaultSecurityFilterChain [ReconnectThread] Will secure any request with [org.springframework.security.web.session.DisableEncodeUrlFilter@32745369, org.springframework.security.web.context.request.async.WebAsyncManagerIntegrationFilter@5c64bc8f, org.springframework.security.web.context.SecurityContextPersistenceFilter@672e36b6, org.springframework.security.web.header.HeaderWriterFilter@5dccaf7f, org.springframework.security.web.authentication.logout.LogoutFilter@6311e461, org.springframework.security.web.authentication.UsernamePasswordAuthenticationFilter@57e5cd04, org.springframework.security.web.savedrequest.RequestCacheAwareFilter@6c375425, org.springframework.security.web.servletapi.SecurityContextHolderAwareRequestFilter@297e76c7, org.springframework.security.web.authentication.AnonymousAuthenticationFilter@48550f19, org.springframework.security.web.session.SessionManagementFilter@2c17708, org.springframework.security.web.access.ExceptionTranslationFilter@16330b69, org.springframework.security.web.access.intercept.AuthorizationFilter@7e85bc08]
2023-07-05 22:39:38,076 INFO o.a.g.t.p.i.PulseAppListener [ReconnectThread] Context Initialized.. 
2023-07-05 22:39:38,076 INFO o.a.g.t.p.i.ClassPathPropertiesFileLoader [ReconnectThread] GemFireVersion.properties File Found 
2023-07-05 22:39:38,077 INFO o.a.g.t.p.i.PulseAppListener [ReconnectThread] Pulse Version: 10.0.0 root 1810
2023-07-05 22:39:38,077 INFO o.a.g.t.p.i.PulseAppListener [ReconnectThread] Checking whether Pulse is running in embedded mode..
2023-07-05 22:39:38,077 INFO o.a.g.t.p.i.PulseAppListener [ReconnectThread] Pulse is running in Embedded Mode..
2023-07-05 22:39:38,078 INFO o.s.w.s.DispatcherServlet [ReconnectThread] Completed initialization in 1386 ms
2023-07-06 17:52:06,509 INFO o.a.g.t.p.i.PulseAppListener [ReconnectThread] Context Destroyed.. /pulse
2023-07-06 17:54:14,786 INFO o.s.w.s.DispatcherServlet [ReconnectThread] Initializing Servlet 'pulse'
2023-07-06 17:54:15,941 WARN o.s.s.c.u.User [ReconnectThread] User.withDefaultPasswordEncoder() is considered unsafe for production and is only intended for sample applications.
2023-07-06 17:54:16,190 INFO o.s.s.w.DefaultSecurityFilterChain [ReconnectThread] Will secure any request with [org.springframework.security.web.session.DisableEncodeUrlFilter@2067bca8, org.springframework.security.web.context.request.async.WebAsyncManagerIntegrationFilter@45c27e0, org.springframework.security.web.context.SecurityContextPersistenceFilter@201cdc4c, org.springframework.security.web.header.HeaderWriterFilter@6d79e6cf, org.springframework.security.web.authentication.logout.LogoutFilter@298cb80c, org.springframework.security.web.authentication.UsernamePasswordAuthenticationFilter@3c5de7b8, org.springframework.security.web.savedrequest.RequestCacheAwareFilter@25e72344, org.springframework.security.web.servletapi.SecurityContextHolderAwareRequestFilter@8888864, org.springframework.security.web.authentication.AnonymousAuthenticationFilter@21a76413, org.springframework.security.web.session.SessionManagementFilter@7612452e, org.springframework.security.web.access.ExceptionTranslationFilter@7ca8b0cc, org.springframework.security.web.access.intercept.AuthorizationFilter@5f0e2b54]
2023-07-06 17:54:16,219 INFO o.a.g.t.p.i.PulseAppListener [ReconnectThread] Context Initialized.. 
2023-07-06 17:54:16,219 INFO o.a.g.t.p.i.ClassPathPropertiesFileLoader [ReconnectThread] GemFireVersion.properties File Found 
2023-07-06 17:54:16,220 INFO o.a.g.t.p.i.PulseAppListener [ReconnectThread] Pulse Version: 10.0.0 root 1810
2023-07-06 17:54:16,220 INFO o.a.g.t.p.i.PulseAppListener [ReconnectThread] Checking whether Pulse is running in embedded mode..
2023-07-06 17:54:16,220 INFO o.a.g.t.p.i.PulseAppListener [ReconnectThread] Pulse is running in Embedded Mode..
2023-07-06 17:54:16,222 INFO o.s.w.s.DispatcherServlet [ReconnectThread] Completed initialization in 1429 ms
2023-07-07 08:36:28,797 INFO o.a.g.t.p.i.PulseAppListener [ReconnectThread] Context Destroyed.. /pulse
2023-07-07 17:39:20,814 INFO o.s.w.s.DispatcherServlet [ReconnectThread] Initializing Servlet 'pulse'
2023-07-07 17:39:21,470 WARN o.s.s.c.u.User [ReconnectThread] User.withDefaultPasswordEncoder() is considered unsafe for production and is only intended for sample applications.
2023-07-07 17:39:21,771 INFO o.s.s.w.DefaultSecurityFilterChain [ReconnectThread] Will secure any request with [org.springframework.security.web.session.DisableEncodeUrlFilter@678723cf, org.springframework.security.web.context.request.async.WebAsyncManagerIntegrationFilter@109a826f, org.springframework.security.web.context.SecurityContextPersistenceFilter@2a7fe126, org.springframework.security.web.header.HeaderWriterFilter@393a9e6f, org.springframework.security.web.authentication.logout.LogoutFilter@745d6952, org.springframework.security.web.authentication.UsernamePasswordAuthenticationFilter@4d51d8bd, org.springframework.security.web.savedrequest.RequestCacheAwareFilter@3e5da2d0, org.springframework.security.web.servletapi.SecurityContextHolderAwareRequestFilter@3b5f6cb2, org.springframework.security.web.authentication.AnonymousAuthenticationFilter@5b90de3e, org.springframework.security.web.session.SessionManagementFilter@6117862b, org.springframework.security.web.access.ExceptionTranslationFilter@66800e12, org.springframework.security.web.access.intercept.AuthorizationFilter@12505e5]
2023-07-07 17:39:21,819 INFO o.a.g.t.p.i.PulseAppListener [ReconnectThread] Context Initialized.. 
2023-07-07 17:39:21,820 INFO o.a.g.t.p.i.ClassPathPropertiesFileLoader [ReconnectThread] GemFireVersion.properties File Found 
2023-07-07 17:39:21,820 INFO o.a.g.t.p.i.PulseAppListener [ReconnectThread] Pulse Version: 10.0.0 root 1810
2023-07-07 17:39:21,820 INFO o.a.g.t.p.i.PulseAppListener [ReconnectThread] Checking whether Pulse is running in embedded mode..
2023-07-07 17:39:21,820 INFO o.a.g.t.p.i.PulseAppListener [ReconnectThread] Pulse is running in Embedded Mode..
2023-07-07 17:39:21,822 INFO o.s.w.s.DispatcherServlet [ReconnectThread] Completed initialization in 1002 ms
2023-07-07 21:21:19,745 INFO o.a.g.t.p.i.PulseAppListener [ReconnectThread] Context Destroyed.. /pulse
2023-07-08 00:20:33,077 INFO o.s.w.s.DispatcherServlet [ReconnectThread] Initializing Servlet 'pulse'
2023-07-08 00:20:34,378 WARN o.s.s.c.u.User [ReconnectThread] User.withDefaultPasswordEncoder() is considered unsafe for production and is only intended for sample applications.
2023-07-08 00:20:34,633 INFO o.s.s.w.DefaultSecurityFilterChain [ReconnectThread] Will secure any request with [org.springframework.security.web.session.DisableEncodeUrlFilter@5487e6c6, org.springframework.security.web.context.request.async.WebAsyncManagerIntegrationFilter@151a28e7, org.springframework.security.web.context.SecurityContextPersistenceFilter@d255664, org.springframework.security.web.header.HeaderWriterFilter@17b2b665, org.springframework.security.web.authentication.logout.LogoutFilter@4b63d712, org.springframework.security.web.authentication.UsernamePasswordAuthenticationFilter@2e53b46, org.springframework.security.web.savedrequest.RequestCacheAwareFilter@7a0979da, org.springframework.security.web.servletapi.SecurityContextHolderAwareRequestFilter@10ebf415, org.springframework.security.web.authentication.AnonymousAuthenticationFilter@3c6cb36, org.springframework.security.web.session.SessionManagementFilter@e21b07a, org.springframework.security.web.access.ExceptionTranslationFilter@289bf84e, org.springframework.security.web.access.intercept.AuthorizationFilter@d3c545f]
2023-07-08 00:20:34,680 INFO o.a.g.t.p.i.PulseAppListener [ReconnectThread] Context Initialized.. 
2023-07-08 00:20:34,680 INFO o.a.g.t.p.i.ClassPathPropertiesFileLoader [ReconnectThread] GemFireVersion.properties File Found 
2023-07-08 00:20:34,681 INFO o.a.g.t.p.i.PulseAppListener [ReconnectThread] Pulse Version: 10.0.0 root 1810
2023-07-08 00:20:34,681 INFO o.a.g.t.p.i.PulseAppListener [ReconnectThread] Checking whether Pulse is running in embedded mode..
2023-07-08 00:20:34,681 INFO o.a.g.t.p.i.PulseAppListener [ReconnectThread] Pulse is running in Embedded Mode..
2023-07-08 00:20:34,683 INFO o.s.w.s.DispatcherServlet [ReconnectThread] Completed initialization in 1598 ms
2023-07-08 08:33:33,182 INFO o.a.g.t.p.i.PulseAppListener [ReconnectThread] Context Destroyed.. /pulse
